  [1m[35m (0.1ms)[0m  [1m[34mSELECT sqlite_version(*)[0m
  [1m[35m (326.9ms)[0m  [1m[35mCREATE TABLE "schema_migrations" ("version" varchar NOT NULL PRIMARY KEY)[0m
  [1m[35m (253.5ms)[0m  [1m[35mCREATE TABLE "ar_internal_metadata" ("key" varchar NOT NULL PRIMARY KEY, "value" varchar, "created_at" datetime NOT NULL, "updated_at" datetime NOT NULL)[0m
  [1m[35m (0.2ms)[0m  [1m[34mSELECT "schema_migrations"."version" FROM "schema_migrations" ORDER BY "schema_migrations"."version" ASC[0m
Migrating to CreatePosts (20170722141726)
  [1m[35m (0.1ms)[0m  [1m[36mbegin transaction[0m
  [1m[35m (1.4ms)[0m  [1m[35mCREATE TABLE "posts" ("id" INTEGER PRIMARY KEY AUTOINCREMENT NOT NULL, "title" text, "body" text, "created_at" datetime NOT NULL, "updated_at" datetime NOT NULL)[0m
  [1m[35mSQL (0.2ms)[0m  [1m[32mINSERT INTO "schema_migrations" ("version") VALUES (?)[0m  [["version", "20170722141726"]]
  [1m[35m (149.4ms)[0m  [1m[36mcommit transaction[0m
  [1m[36mActiveRecord::InternalMetadata Load (0.2ms)[0m  [1m[34mSELECT  "ar_internal_metadata".* FROM "ar_internal_metadata" WHERE "ar_internal_metadata"."key" = ? LIMIT ?[0m  [["key", "environment"], ["LIMIT", 1]]
  [1m[35m (0.1ms)[0m  [1m[36mbegin transaction[0m
  [1m[35mSQL (0.8ms)[0m  [1m[32mINSERT INTO "ar_internal_metadata" ("key", "value", "created_at", "updated_at") VALUES (?, ?, ?, ?)[0m  [["key", "environment"], ["value", "development"], ["created_at", "2017-07-22 14:19:19.461541"], ["updated_at", "2017-07-22 14:19:19.461541"]]
  [1m[35m (100.7ms)[0m  [1m[36mcommit transaction[0m
  [1m[35m (0.2ms)[0m  [1m[34mSELECT "schema_migrations"."version" FROM "schema_migrations" ORDER BY "schema_migrations"."version" ASC[0m
  [1m[35m (0.1ms)[0m  [1m[36mbegin transaction[0m
  [1m[35mSQL (2.1ms)[0m  [1m[32mINSERT INTO "posts" ("title", "body", "created_at", "updated_at") VALUES (?, ?, ?, ?)[0m  [["title", "This f title"], ["body", "This f text of body"], ["created_at", "2017-07-22 14:22:40.777968"], ["updated_at", "2017-07-22 14:22:40.777968"]]
  [1m[35m (183.8ms)[0m  [1m[36mcommit transaction[0m
  [1m[35m (0.2ms)[0m  [1m[36mbegin transaction[0m
  [1m[35mSQL (4.4ms)[0m  [1m[32mINSERT INTO "posts" ("title", "body", "created_at", "updated_at") VALUES (?, ?, ?, ?)[0m  [["title", "This s title"], ["body", "This s  text of body"], ["created_at", "2017-07-22 14:23:04.963080"], ["updated_at", "2017-07-22 14:23:04.963080"]]
  [1m[35m (264.0ms)[0m  [1m[36mcommit transaction[0m
  [1m[35m (0.2ms)[0m  [1m[36mbegin transaction[0m
  [1m[35mSQL (5.0ms)[0m  [1m[32mINSERT INTO "posts" ("title", "body", "created_at", "updated_at") VALUES (?, ?, ?, ?)[0m  [["title", "This th  title"], ["body", "This thired  text of body"], ["created_at", "2017-07-22 14:23:24.130523"], ["updated_at", "2017-07-22 14:23:24.130523"]]
  [1m[35m (239.1ms)[0m  [1m[36mcommit transaction[0m
  [1m[36mPost Load (0.4ms)[0m  [1m[34mSELECT  "posts".* FROM "posts" LIMIT ?[0m  [["LIMIT", 11]]
  [1m[35m (0.2ms)[0m  [1m[36mbegin transaction[0m
  [1m[35mSQL (2.3ms)[0m  [1m[32mINSERT INTO "posts" ("title", "body", "created_at", "updated_at") VALUES (?, ?, ?, ?)[0m  [["title", "This is fours title"], ["body", "This last example of my text for body block"], ["created_at", "2017-07-22 14:25:20.296239"], ["updated_at", "2017-07-22 14:25:20.296239"]]
  [1m[35m (264.5ms)[0m  [1m[36mcommit transaction[0m
  [1m[36mPost Load (0.3ms)[0m  [1m[34mSELECT  "posts".* FROM "posts" LIMIT ?[0m  [["LIMIT", 11]]
Started GET "/" for 127.0.0.1 at 2017-07-22 18:32:21 +0300
  [1m[35m (0.2ms)[0m  [1m[34mSELECT "schema_migrations"."version" FROM "schema_migrations" ORDER BY "schema_migrations"."version" ASC[0m
Processing by Rails::WelcomeController#index as HTML
  Rendering /home/roman/.rbenv/versions/2.4.0/lib/ruby/gems/2.4.0/gems/railties-5.1.2/lib/rails/templates/rails/welcome/index.html.erb
  Rendered /home/roman/.rbenv/versions/2.4.0/lib/ruby/gems/2.4.0/gems/railties-5.1.2/lib/rails/templates/rails/welcome/index.html.erb (4.8ms)
Completed 200 OK in 146ms (Views: 66.5ms | ActiveRecord: 0.0ms)


Started GET "/" for 127.0.0.1 at 2017-07-22 18:45:54 +0300
  [1m[35m (0.2ms)[0m  [1m[34mSELECT "schema_migrations"."version" FROM "schema_migrations" ORDER BY "schema_migrations"."version" ASC[0m
Processing by PostsController#index as HTML
  Rendering posts/index.html.erb within layouts/application
  [1m[36mPost Load (0.3ms)[0m  [1m[34mSELECT "posts".* FROM "posts"[0m
  Rendered posts/index.html.erb within layouts/application (9.2ms)
Completed 200 OK in 2836ms (Views: 2817.5ms | ActiveRecord: 1.0ms)


Started GET "/" for 127.0.0.1 at 2017-07-22 20:36:05 +0300
  [1m[35m (0.3ms)[0m  [1m[34mSELECT "schema_migrations"."version" FROM "schema_migrations" ORDER BY "schema_migrations"."version" ASC[0m
Processing by PostsController#index as HTML
  Rendering posts/index.html.erb within layouts/application
  [1m[36mPost Load (0.3ms)[0m  [1m[34mSELECT "posts".* FROM "posts"[0m
  Rendered posts/index.html.erb within layouts/application (11.5ms)
Completed 200 OK in 459ms (Views: 396.4ms | ActiveRecord: 1.1ms)


Started GET "/post/new" for 127.0.0.1 at 2017-07-22 20:36:18 +0300
  
ActionController::RoutingError (No route matches [GET] "/post/new"):
  
actionpack (5.1.2) lib/action_dispatch/middleware/debug_exceptions.rb:63:in `call'
web-console (3.5.1) lib/web_console/middleware.rb:135:in `call_app'
web-console (3.5.1) lib/web_console/middleware.rb:28:in `block in call'
web-console (3.5.1) lib/web_console/middleware.rb:18:in `catch'
web-console (3.5.1) lib/web_console/middleware.rb:18:in `call'
actionpack (5.1.2) lib/action_dispatch/middleware/show_exceptions.rb:31:in `call'
railties (5.1.2) lib/rails/rack/logger.rb:36:in `call_app'
railties (5.1.2) lib/rails/rack/logger.rb:24:in `block in call'
activesupport (5.1.2) lib/active_support/tagged_logging.rb:69:in `block in tagged'
activesupport (5.1.2) lib/active_support/tagged_logging.rb:26:in `tagged'
activesupport (5.1.2) lib/active_support/tagged_logging.rb:69:in `tagged'
railties (5.1.2) lib/rails/rack/logger.rb:24:in `call'
sprockets-rails (3.2.0) lib/sprockets/rails/quiet_assets.rb:13:in `call'
actionpack (5.1.2) lib/action_dispatch/middleware/remote_ip.rb:79:in `call'
actionpack (5.1.2) lib/action_dispatch/middleware/request_id.rb:25:in `call'
rack (2.0.3) lib/rack/method_override.rb:22:in `call'
rack (2.0.3) lib/rack/runtime.rb:22:in `call'
activesupport (5.1.2) lib/active_support/cache/strategy/local_cache_middleware.rb:27:in `call'
actionpack (5.1.2) lib/action_dispatch/middleware/executor.rb:12:in `call'
actionpack (5.1.2) lib/action_dispatch/middleware/static.rb:125:in `call'
rack (2.0.3) lib/rack/sendfile.rb:111:in `call'
railties (5.1.2) lib/rails/engine.rb:522:in `call'
puma (3.9.1) lib/puma/configuration.rb:224:in `call'
puma (3.9.1) lib/puma/server.rb:602:in `handle_request'
puma (3.9.1) lib/puma/server.rb:435:in `process_client'
puma (3.9.1) lib/puma/server.rb:299:in `block in run'
puma (3.9.1) lib/puma/thread_pool.rb:120:in `block in spawn_thread'
Started GET "/posts/new" for 127.0.0.1 at 2017-07-22 20:37:31 +0300
Processing by PostsController#new as HTML
  Rendering posts/new.html.erb within layouts/application
  Rendered posts/new.html.erb within layouts/application (75.8ms)
Completed 200 OK in 121ms (Views: 92.9ms | ActiveRecord: 0.0ms)


Started GET "/posts/create" for 127.0.0.1 at 2017-07-22 20:37:40 +0300
Processing by PostsController#show as HTML
  Parameters: {"id"=>"create"}
  [1m[36mPost Load (0.3ms)[0m  [1m[34mSELECT  "posts".* FROM "posts" WHERE "posts"."id" = ? LIMIT ?[0m  [["id", 0], ["LIMIT", 1]]
Completed 404 Not Found in 34ms (ActiveRecord: 0.3ms)


  
ActiveRecord::RecordNotFound (Couldn't find Post with 'id'=create):
  
app/controllers/posts_controller.rb:11:in `show'
Started GET "/posts/2" for 127.0.0.1 at 2017-07-22 20:37:55 +0300
Processing by PostsController#show as HTML
  Parameters: {"id"=>"2"}
  [1m[36mPost Load (0.2ms)[0m  [1m[34mSELECT  "posts".* FROM "posts" WHERE "posts"."id" = ? LIMIT ?[0m  [["id", 2], ["LIMIT", 1]]
  Rendering posts/show.html.erb within layouts/application
  Rendered posts/show.html.erb within layouts/application (1.1ms)
Completed 200 OK in 59ms (Views: 27.0ms | ActiveRecord: 0.2ms)


Started GET "/posts/3" for 127.0.0.1 at 2017-07-22 20:37:59 +0300
Processing by PostsController#show as HTML
  Parameters: {"id"=>"3"}
  [1m[36mPost Load (0.2ms)[0m  [1m[34mSELECT  "posts".* FROM "posts" WHERE "posts"."id" = ? LIMIT ?[0m  [["id", 3], ["LIMIT", 1]]
  Rendering posts/show.html.erb within layouts/application
  Rendered posts/show.html.erb within layouts/application (0.5ms)
Completed 200 OK in 27ms (Views: 25.0ms | ActiveRecord: 0.2ms)


Started GET "/posts/4" for 127.0.0.1 at 2017-07-22 20:38:02 +0300
Processing by PostsController#show as HTML
  Parameters: {"id"=>"4"}
  [1m[36mPost Load (0.2ms)[0m  [1m[34mSELECT  "posts".* FROM "posts" WHERE "posts"."id" = ? LIMIT ?[0m  [["id", 4], ["LIMIT", 1]]
  Rendering posts/show.html.erb within layouts/application
  Rendered posts/show.html.erb within layouts/application (0.5ms)
Completed 200 OK in 27ms (Views: 21.7ms | ActiveRecord: 0.2ms)


Started GET "/" for 127.0.0.1 at 2017-07-23 18:03:23 +0300
  [1m[35m (0.2ms)[0m  [1m[34mSELECT "schema_migrations"."version" FROM "schema_migrations" ORDER BY "schema_migrations"."version" ASC[0m
Processing by PostsController#index as HTML
  Rendering posts/index.html.erb within layouts/posts
  [1m[36mPost Load (0.4ms)[0m  [1m[34mSELECT "posts".* FROM "posts"[0m
  Rendered posts/index.html.erb within layouts/posts (31.2ms)
Completed 500 Internal Server Error in 6000ms (ActiveRecord: 1.2ms)


  
ActionView::Template::Error (Asset was not declared to be precompiled in production.
Add `Rails.application.config.assets.precompile += %w( posts.css )` to `config/initializers/assets.rb` and restart your server):
     5:     <title>Title</title>
     6:   <%= csrf_meta_tags %>
     7: 
     8:   <%= stylesheet_link_tag    'posts', media: 'all', 'data-turbolinks-track': 'reload' %>
     9:   <%= javascript_include_tag 'application', 'data-turbolinks-track': 'reload' %>
    10: </head>
    11: <body>
  
app/views/layouts/posts.html.erb:8:in `_app_views_layouts_posts_html_erb__2467669236250340053_47160823451760'
Started GET "/" for 127.0.0.1 at 2017-07-23 18:05:21 +0300
Processing by PostsController#index as HTML
  Rendering posts/index.html.erb within layouts/posts
  [1m[36mPost Load (0.2ms)[0m  [1m[34mSELECT "posts".* FROM "posts"[0m
  Rendered posts/index.html.erb within layouts/posts (3.1ms)
Completed 500 Internal Server Error in 1746ms (ActiveRecord: 0.7ms)


  
ActionView::Template::Error (Asset was not declared to be precompiled in production.
Add `Rails.application.config.assets.precompile += %w( posts.css )` to `config/initializers/assets.rb` and restart your server):
     5:     <title>Title</title>
     6:   <%= csrf_meta_tags %>
     7: 
     8:   <%= stylesheet_link_tag    'posts', media: 'all', 'data-turbolinks-track': 'reload' %>
     9:   <%= javascript_include_tag 'application', 'data-turbolinks-track': 'reload' %>
    10: </head>
    11: <body>
  
app/views/layouts/posts.html.erb:8:in `_app_views_layouts_posts_html_erb__2467669236250340053_70253414240060'
Started GET "/" for 127.0.0.1 at 2017-07-23 18:05:40 +0300
  [1m[35m (0.2ms)[0m  [1m[34mSELECT "schema_migrations"."version" FROM "schema_migrations" ORDER BY "schema_migrations"."version" ASC[0m
Processing by PostsController#index as HTML
  Rendering posts/index.html.erb within layouts/posts
  [1m[36mPost Load (0.2ms)[0m  [1m[34mSELECT "posts".* FROM "posts"[0m
  Rendered posts/index.html.erb within layouts/posts (9.7ms)
Completed 500 Internal Server Error in 271ms (ActiveRecord: 1.0ms)


  
ActionView::Template::Error (Asset was not declared to be precompiled in production.
Add `Rails.application.config.assets.precompile += %w( posts.css )` to `config/initializers/assets.rb` and restart your server):
     5:     <title>Title</title>
     6:   <%= csrf_meta_tags %>
     7: 
     8:   <%= stylesheet_link_tag    'posts', media: 'all', 'data-turbolinks-track': 'reload' %>
     9:   <%= javascript_include_tag 'application', 'data-turbolinks-track': 'reload' %>
    10: </head>
    11: <body>
  
app/views/layouts/posts.html.erb:8:in `_app_views_layouts_posts_html_erb__398690825038898164_46931527382140'
Started GET "/" for 127.0.0.1 at 2017-07-23 18:15:55 +0300
  [1m[35m (0.2ms)[0m  [1m[34mSELECT "schema_migrations"."version" FROM "schema_migrations" ORDER BY "schema_migrations"."version" ASC[0m
Processing by PostsController#index as HTML
  Rendering posts/index.html.erb within layouts/posts
  [1m[36mPost Load (0.3ms)[0m  [1m[34mSELECT "posts".* FROM "posts"[0m
  Rendered posts/index.html.erb within layouts/posts (11.5ms)
Completed 200 OK in 324ms (Views: 303.8ms | ActiveRecord: 1.2ms)


Started GET "/" for 127.0.0.1 at 2017-07-24 20:40:34 +0300
  [1m[35m (0.3ms)[0m  [1m[34mSELECT "schema_migrations"."version" FROM "schema_migrations" ORDER BY "schema_migrations"."version" ASC[0m
Processing by PostsController#index as HTML
  Rendering posts/index.html.erb within layouts/posts
  [1m[36mPost Load (0.3ms)[0m  [1m[34mSELECT "posts".* FROM "posts"[0m
  Rendered posts/index.html.erb within layouts/posts (43.0ms)
Completed 200 OK in 542ms (Views: 511.4ms | ActiveRecord: 1.0ms)


Started GET "/" for 127.0.0.1 at 2017-07-24 20:41:09 +0300
Processing by PostsController#index as HTML
  Rendering posts/index.html.erb within layouts/posts
  [1m[36mPost Load (0.3ms)[0m  [1m[34mSELECT "posts".* FROM "posts"[0m
  Rendered posts/index.html.erb within layouts/posts (2.7ms)
Completed 200 OK in 26ms (Views: 23.5ms | ActiveRecord: 0.8ms)


Started GET "/" for 127.0.0.1 at 2017-07-24 20:41:10 +0300
Processing by PostsController#index as HTML
  Rendering posts/index.html.erb within layouts/posts
  [1m[36mPost Load (0.2ms)[0m  [1m[34mSELECT "posts".* FROM "posts"[0m
  Rendered posts/index.html.erb within layouts/posts (1.5ms)
Completed 200 OK in 23ms (Views: 21.8ms | ActiveRecord: 0.2ms)


Started GET "/" for 127.0.0.1 at 2017-07-24 20:41:30 +0300
Processing by PostsController#index as HTML
  Rendering posts/index.html.erb within layouts/posts
  [1m[36mPost Load (0.3ms)[0m  [1m[34mSELECT "posts".* FROM "posts"[0m
  Rendered posts/index.html.erb within layouts/posts (1.7ms)
Completed 200 OK in 26ms (Views: 24.9ms | ActiveRecord: 0.3ms)


Started GET "/" for 127.0.0.1 at 2017-07-24 20:44:51 +0300
Processing by PostsController#index as HTML
  Rendering posts/index.html.erb within layouts/posts
  [1m[36mPost Load (0.2ms)[0m  [1m[34mSELECT "posts".* FROM "posts"[0m
  Rendered posts/index.html.erb within layouts/posts (1.6ms)
Started GET "/" for 127.0.0.1 at 2017-07-24 20:44:53 +0300
Processing by PostsController#index as HTML
  Rendering posts/index.html.erb within layouts/posts
  [1m[36mPost Load (0.2ms)[0m  [1m[34mSELECT "posts".* FROM "posts"[0m
  Rendered posts/index.html.erb within layouts/posts (3.4ms)
Started GET "/" for 127.0.0.1 at 2017-07-24 20:44:54 +0300
Processing by PostsController#index as HTML
  Rendering posts/index.html.erb within layouts/posts
  [1m[36mPost Load (0.2ms)[0m  [1m[34mSELECT "posts".* FROM "posts"[0m
  Rendered posts/index.html.erb within layouts/posts (2.5ms)
Started GET "/" for 127.0.0.1 at 2017-07-24 20:44:54 +0300
Processing by PostsController#index as HTML
  Rendering posts/index.html.erb within layouts/posts
  [1m[36mPost Load (0.2ms)[0m  [1m[34mSELECT "posts".* FROM "posts"[0m
  Rendered posts/index.html.erb within layouts/posts (2.2ms)
Started GET "/" for 127.0.0.1 at 2017-07-24 20:44:54 +0300
Processing by PostsController#index as HTML
  Rendering posts/index.html.erb within layouts/posts
  [1m[36mPost Load (0.2ms)[0m  [1m[34mSELECT "posts".* FROM "posts"[0m
  Rendered posts/index.html.erb within layouts/posts (101.1ms)
Completed 200 OK in 4324ms (Views: 4322.2ms | ActiveRecord: 0.2ms)


Started GET "/" for 127.0.0.1 at 2017-07-24 20:44:55 +0300
Processing by PostsController#index as HTML
  Rendering posts/index.html.erb within layouts/posts
  [1m[36mPost Load (0.4ms)[0m  [1m[34mSELECT "posts".* FROM "posts"[0m
  Rendered posts/index.html.erb within layouts/posts (15.6ms)
Completed 200 OK in 179ms (Views: 153.0ms | ActiveRecord: 0.4ms)


Started GET "/" for 127.0.0.1 at 2017-07-24 20:44:56 +0300
Processing by PostsController#index as HTML
  Rendering posts/index.html.erb within layouts/posts
  [1m[36mPost Load (0.3ms)[0m  [1m[34mSELECT "posts".* FROM "posts"[0m
  Rendered posts/index.html.erb within layouts/posts (2.0ms)
Completed 200 OK in 287ms (Views: 256.9ms | ActiveRecord: 0.3ms)


Started GET "/" for 127.0.0.1 at 2017-07-24 20:44:56 +0300
Processing by PostsController#index as HTML
  Rendering posts/index.html.erb within layouts/posts
  [1m[36mPost Load (0.2ms)[0m  [1m[34mSELECT "posts".* FROM "posts"[0m
  Rendered posts/index.html.erb within layouts/posts (1.6ms)
Completed 200 OK in 473ms (Views: 471.8ms | ActiveRecord: 0.2ms)


Started GET "/" for 127.0.0.1 at 2017-07-24 20:44:56 +0300
Processing by PostsController#index as HTML
  Rendering posts/index.html.erb within layouts/posts
  [1m[36mPost Load (0.3ms)[0m  [1m[34mSELECT "posts".* FROM "posts"[0m
  Rendered posts/index.html.erb within layouts/posts (2.0ms)
Completed 200 OK in 862ms (Views: 859.9ms | ActiveRecord: 0.3ms)


Started GET "/" for 127.0.0.1 at 2017-07-24 20:44:58 +0300
Processing by PostsController#index as HTML
  Rendering posts/index.html.erb within layouts/posts
  [1m[36mPost Load (0.4ms)[0m  [1m[34mSELECT "posts".* FROM "posts"[0m
  Rendered posts/index.html.erb within layouts/posts (138.3ms)
Completed 200 OK in 1312ms (Views: 1138.3ms | ActiveRecord: 0.4ms)


Completed 200 OK in 6793ms (Views: 6791.1ms | ActiveRecord: 0.2ms)


Started GET "/" for 127.0.0.1 at 2017-07-24 20:45:00 +0300
Processing by PostsController#index as HTML
  Rendering posts/index.html.erb within layouts/posts
  [1m[36mPost Load (0.3ms)[0m  [1m[34mSELECT "posts".* FROM "posts"[0m
  Rendered posts/index.html.erb within layouts/posts (12.4ms)
Completed 200 OK in 126ms (Views: 124.0ms | ActiveRecord: 0.3ms)


Completed 200 OK in 6600ms (Views: 6597.7ms | ActiveRecord: 0.5ms)


Started GET "/" for 127.0.0.1 at 2017-07-24 20:45:00 +0300
Processing by PostsController#index as HTML
  Rendering posts/index.html.erb within layouts/posts
  [1m[36mPost Load (0.2ms)[0m  [1m[34mSELECT "posts".* FROM "posts"[0m
  Rendered posts/index.html.erb within layouts/posts (1.8ms)
Completed 200 OK in 116ms (Views: 114.3ms | ActiveRecord: 0.2ms)


Completed 200 OK in 6090ms (Views: 5997.1ms | ActiveRecord: 0.8ms)


Completed 200 OK in 6659ms (Views: 6560.5ms | ActiveRecord: 0.6ms)


Started GET "/" for 127.0.0.1 at 2017-07-24 20:45:02 +0300
Processing by PostsController#index as HTML
  Rendering posts/index.html.erb within layouts/posts
  [1m[36mPost Load (0.3ms)[0m  [1m[34mSELECT "posts".* FROM "posts"[0m
  Rendered posts/index.html.erb within layouts/posts (2.0ms)
Completed 200 OK in 33ms (Views: 31.0ms | ActiveRecord: 0.3ms)


Started GET "/" for 127.0.0.1 at 2017-07-24 20:45:03 +0300
Processing by PostsController#index as HTML
  Rendering posts/index.html.erb within layouts/posts
  [1m[36mPost Load (0.4ms)[0m  [1m[34mSELECT "posts".* FROM "posts"[0m
  Rendered posts/index.html.erb within layouts/posts (2.9ms)
Completed 200 OK in 31ms (Views: 29.2ms | ActiveRecord: 0.4ms)


Started GET "/" for 127.0.0.1 at 2017-07-24 20:45:03 +0300
Processing by PostsController#index as HTML
  Rendering posts/index.html.erb within layouts/posts
  [1m[36mPost Load (0.2ms)[0m  [1m[34mSELECT "posts".* FROM "posts"[0m
  Rendered posts/index.html.erb within layouts/posts (1.7ms)
Completed 200 OK in 29ms (Views: 27.5ms | ActiveRecord: 0.2ms)


Started GET "/" for 127.0.0.1 at 2017-07-29 14:42:11 +0300
  [1m[35m (0.3ms)[0m  [1m[34mSELECT "schema_migrations"."version" FROM "schema_migrations" ORDER BY "schema_migrations"."version" ASC[0m
Processing by PostsController#index as HTML
  Rendering posts/index.html.erb within layouts/posts
  [1m[36mPost Load (0.3ms)[0m  [1m[34mSELECT "posts".* FROM "posts"[0m
  Rendered posts/index.html.erb within layouts/posts (55.7ms)
Completed 200 OK in 876ms (Views: 831.8ms | ActiveRecord: 1.0ms)


Started GET "/" for 127.0.0.1 at 2017-07-29 14:42:20 +0300
Processing by PostsController#index as HTML
  Rendering posts/index.html.erb within layouts/posts
  [1m[36mPost Load (0.2ms)[0m  [1m[34mSELECT "posts".* FROM "posts"[0m
  Rendered posts/index.html.erb within layouts/posts (3.3ms)
Completed 200 OK in 33ms (Views: 30.7ms | ActiveRecord: 0.7ms)


Started GET "/" for 127.0.0.1 at 2017-07-29 14:42:22 +0300
Processing by PostsController#index as HTML
  Rendering posts/index.html.erb within layouts/posts
  [1m[36mPost Load (0.2ms)[0m  [1m[34mSELECT "posts".* FROM "posts"[0m
  Rendered posts/index.html.erb within layouts/posts (1.5ms)
Completed 200 OK in 31ms (Views: 29.4ms | ActiveRecord: 0.2ms)


Started GET "/" for 127.0.0.1 at 2017-07-29 14:42:23 +0300
Processing by PostsController#index as HTML
  Rendering posts/index.html.erb within layouts/posts
  [1m[36mPost Load (0.2ms)[0m  [1m[34mSELECT "posts".* FROM "posts"[0m
  Rendered posts/index.html.erb within layouts/posts (1.5ms)
Completed 200 OK in 30ms (Views: 28.6ms | ActiveRecord: 0.2ms)


Started GET "/" for 127.0.0.1 at 2017-07-29 14:42:24 +0300
Processing by PostsController#index as HTML
  Rendering posts/index.html.erb within layouts/posts
  [1m[36mPost Load (0.3ms)[0m  [1m[34mSELECT "posts".* FROM "posts"[0m
  Rendered posts/index.html.erb within layouts/posts (2.5ms)
Completed 200 OK in 30ms (Views: 28.7ms | ActiveRecord: 0.3ms)


Started GET "/" for 127.0.0.1 at 2017-07-29 14:42:24 +0300
Processing by PostsController#index as HTML
  Rendering posts/index.html.erb within layouts/posts
  [1m[36mPost Load (0.3ms)[0m  [1m[34mSELECT "posts".* FROM "posts"[0m
  Rendered posts/index.html.erb within layouts/posts (2.0ms)
Completed 200 OK in 36ms (Views: 34.4ms | ActiveRecord: 0.3ms)


Started GET "/" for 127.0.0.1 at 2017-07-29 14:42:24 +0300
Processing by PostsController#index as HTML
  Rendering posts/index.html.erb within layouts/posts
  [1m[36mPost Load (0.2ms)[0m  [1m[34mSELECT "posts".* FROM "posts"[0m
  Rendered posts/index.html.erb within layouts/posts (2.2ms)
Completed 200 OK in 29ms (Views: 27.4ms | ActiveRecord: 0.2ms)


Started GET "/" for 127.0.0.1 at 2017-07-29 14:50:12 +0300
Processing by PostsController#index as HTML
  Rendering posts/index.html.erb within layouts/posts
  [1m[36mPost Load (0.2ms)[0m  [1m[34mSELECT "posts".* FROM "posts"[0m
  Rendered posts/index.html.erb within layouts/posts (1.4ms)
Completed 500 Internal Server Error in 136ms (ActiveRecord: 0.2ms)


  
ActionView::Template::Error (Invalid CSS after "...nd-color: black": expected "{", was ""):
     5:     <title>Title</title>
     6:   <%= csrf_meta_tags %>
     7: 
     8:   <%= stylesheet_link_tag    'posts', media: 'all', 'data-turbolinks-track': 'reload' %>
     9:   <%= javascript_include_tag 'application', 'data-turbolinks-track': 'reload' %>
    10: </head>
    11: <body>
  
app/assets/stylesheets/posts.css.scss:14
app/views/layouts/posts.html.erb:8:in `_app_views_layouts_posts_html_erb__3733193048721886944_69933965836600'
Started GET "/" for 127.0.0.1 at 2017-07-29 14:50:52 +0300
Processing by PostsController#index as HTML
  Rendering posts/index.html.erb within layouts/posts
  [1m[36mPost Load (0.3ms)[0m  [1m[34mSELECT "posts".* FROM "posts"[0m
  Rendered posts/index.html.erb within layouts/posts (2.2ms)
Completed 200 OK in 2361ms (Views: 2359.5ms | ActiveRecord: 0.3ms)


Started GET "/" for 127.0.0.1 at 2017-07-29 14:54:12 +0300
Processing by PostsController#index as HTML
  Rendering posts/index.html.erb within layouts/posts
  [1m[36mPost Load (0.3ms)[0m  [1m[34mSELECT "posts".* FROM "posts"[0m
  Rendered posts/index.html.erb within layouts/posts (1.7ms)
Completed 200 OK in 356ms (Views: 354.7ms | ActiveRecord: 0.3ms)


Started GET "/" for 127.0.0.1 at 2017-07-29 14:54:14 +0300
Processing by PostsController#index as HTML
  Rendering posts/index.html.erb within layouts/posts
  [1m[36mPost Load (0.2ms)[0m  [1m[34mSELECT "posts".* FROM "posts"[0m
  Rendered posts/index.html.erb within layouts/posts (9.1ms)
Completed 200 OK in 136ms (Views: 134.4ms | ActiveRecord: 0.2ms)


Started GET "/" for 127.0.0.1 at 2017-07-29 14:55:40 +0300
Processing by PostsController#index as HTML
  Rendering posts/index.html.erb within layouts/posts
  [1m[36mPost Load (0.2ms)[0m  [1m[34mSELECT "posts".* FROM "posts"[0m
  Rendered posts/index.html.erb within layouts/posts (1.3ms)
Completed 200 OK in 58ms (Views: 56.7ms | ActiveRecord: 0.2ms)


Started GET "/" for 127.0.0.1 at 2017-07-29 14:57:32 +0300
Processing by PostsController#index as HTML
  Rendering posts/index.html.erb within layouts/posts
  [1m[36mPost Load (0.2ms)[0m  [1m[34mSELECT "posts".* FROM "posts"[0m
  Rendered posts/index.html.erb within layouts/posts (1.8ms)
Completed 200 OK in 73ms (Views: 71.0ms | ActiveRecord: 0.2ms)


Started GET "/" for 127.0.0.1 at 2017-07-29 14:57:33 +0300
Processing by PostsController#index as HTML
  Rendering posts/index.html.erb within layouts/posts
  [1m[36mPost Load (0.3ms)[0m  [1m[34mSELECT "posts".* FROM "posts"[0m
  Rendered posts/index.html.erb within layouts/posts (1.8ms)
Completed 200 OK in 26ms (Views: 24.5ms | ActiveRecord: 0.3ms)


Started GET "/" for 127.0.0.1 at 2017-07-29 14:58:42 +0300
Processing by PostsController#index as HTML
  Rendering posts/index.html.erb within layouts/posts
  [1m[36mPost Load (0.2ms)[0m  [1m[34mSELECT "posts".* FROM "posts"[0m
  Rendered posts/index.html.erb within layouts/posts (1.5ms)
Completed 200 OK in 25ms (Views: 24.1ms | ActiveRecord: 0.2ms)


Started GET "/" for 127.0.0.1 at 2017-07-29 14:58:44 +0300
Processing by PostsController#index as HTML
  Rendering posts/index.html.erb within layouts/posts
  [1m[36mPost Load (0.3ms)[0m  [1m[34mSELECT "posts".* FROM "posts"[0m
  Rendered posts/index.html.erb within layouts/posts (1.6ms)
Completed 200 OK in 25ms (Views: 23.2ms | ActiveRecord: 0.3ms)


Started GET "/" for 127.0.0.1 at 2017-07-29 16:05:44 +0300
  [1m[35m (0.3ms)[0m  [1m[34mSELECT "schema_migrations"."version" FROM "schema_migrations" ORDER BY "schema_migrations"."version" ASC[0m
Processing by PostsController#index as HTML
  Rendering posts/index.html.erb within layouts/posts
  [1m[36mPost Load (0.4ms)[0m  [1m[34mSELECT "posts".* FROM "posts"[0m
  Rendered posts/index.html.erb within layouts/posts (15.9ms)
Completed 500 Internal Server Error in 363ms (ActiveRecord: 2.0ms)


  
ActionView::Template::Error (Invalid CSS after "#": expected "{", was ""):
     5:     <title>Title</title>
     6:   <%= csrf_meta_tags %>
     7: 
     8:   <%= stylesheet_link_tag    'posts', media: 'all', 'data-turbolinks-track': 'reload' %>
     9:   <%= javascript_include_tag 'application', 'data-turbolinks-track': 'reload' %>
    10: </head>
    11: <body>
  
app/assets/stylesheets/posts.css.scss:13
app/views/layouts/posts.html.erb:8:in `_app_views_layouts_posts_html_erb__3420058861792155055_47295864588160'
Started GET "/" for 127.0.0.1 at 2017-07-29 16:06:04 +0300
Processing by PostsController#index as HTML
  Rendering posts/index.html.erb within layouts/posts
  [1m[36mPost Load (0.2ms)[0m  [1m[34mSELECT "posts".* FROM "posts"[0m
  Rendered posts/index.html.erb within layouts/posts (2.7ms)
Completed 200 OK in 2193ms (Views: 2191.1ms | ActiveRecord: 0.8ms)


Started GET "/" for 127.0.0.1 at 2017-07-29 16:09:34 +0300
Processing by PostsController#index as HTML
  Rendering posts/index.html.erb within layouts/posts
  [1m[36mPost Load (0.2ms)[0m  [1m[34mSELECT "posts".* FROM "posts"[0m
  Rendered posts/index.html.erb within layouts/posts (1.9ms)
Completed 200 OK in 31ms (Views: 28.8ms | ActiveRecord: 0.2ms)


Started GET "/" for 127.0.0.1 at 2017-07-29 16:11:27 +0300
Processing by PostsController#index as HTML
  Rendering posts/index.html.erb within layouts/posts
  [1m[36mPost Load (0.3ms)[0m  [1m[34mSELECT "posts".* FROM "posts"[0m
  Rendered posts/index.html.erb within layouts/posts (1.7ms)
Completed 200 OK in 32ms (Views: 29.9ms | ActiveRecord: 0.3ms)


Started GET "/" for 127.0.0.1 at 2017-07-29 16:11:31 +0300
Processing by PostsController#index as HTML
  Rendering posts/index.html.erb within layouts/posts
  [1m[36mPost Load (0.3ms)[0m  [1m[34mSELECT "posts".* FROM "posts"[0m
  Rendered posts/index.html.erb within layouts/posts (2.0ms)
Completed 200 OK in 28ms (Views: 26.6ms | ActiveRecord: 0.3ms)


Started GET "/" for 127.0.0.1 at 2017-07-29 20:32:35 +0300
  [1m[35m (0.3ms)[0m  [1m[34mSELECT "schema_migrations"."version" FROM "schema_migrations" ORDER BY "schema_migrations"."version" ASC[0m
Processing by PostsController#index as HTML
  Rendering posts/index.html.erb within layouts/posts
  [1m[36mPost Load (0.6ms)[0m  [1m[34mSELECT "posts".* FROM "posts"[0m
  Rendered posts/index.html.erb within layouts/posts (16.1ms)
Completed 200 OK in 2598ms (Views: 2541.6ms | ActiveRecord: 1.6ms)


Started GET "/" for 127.0.0.1 at 2017-07-29 20:34:30 +0300
Processing by PostsController#index as HTML
  Rendering posts/index.html.erb within layouts/posts
  [1m[36mPost Load (0.2ms)[0m  [1m[34mSELECT "posts".* FROM "posts"[0m
  Rendered posts/index.html.erb within layouts/posts (1.9ms)
Completed 200 OK in 1745ms (Views: 1743.3ms | ActiveRecord: 0.2ms)


Started GET "/" for 127.0.0.1 at 2017-07-29 20:36:12 +0300
Processing by PostsController#index as HTML
  Rendering posts/index.html.erb within layouts/posts
  [1m[36mPost Load (0.3ms)[0m  [1m[34mSELECT "posts".* FROM "posts"[0m
  Rendered posts/index.html.erb within layouts/posts (1.6ms)
Completed 200 OK in 1692ms (Views: 1691.0ms | ActiveRecord: 0.3ms)


Started GET "/" for 127.0.0.1 at 2017-07-29 20:36:15 +0300
Processing by PostsController#index as HTML
  Rendering posts/index.html.erb within layouts/posts
  [1m[36mPost Load (0.2ms)[0m  [1m[34mSELECT "posts".* FROM "posts"[0m
  Rendered posts/index.html.erb within layouts/posts (2.5ms)
Completed 200 OK in 27ms (Views: 25.2ms | ActiveRecord: 0.2ms)


Started GET "/" for 127.0.0.1 at 2017-07-29 20:36:39 +0300
Processing by PostsController#index as HTML
  Rendering posts/index.html.erb within layouts/posts
  [1m[36mPost Load (0.2ms)[0m  [1m[34mSELECT "posts".* FROM "posts"[0m
  Rendered posts/index.html.erb within layouts/posts (1.4ms)
Completed 200 OK in 1680ms (Views: 1674.8ms | ActiveRecord: 0.2ms)


Started GET "/" for 127.0.0.1 at 2017-07-29 20:36:59 +0300
Processing by PostsController#index as HTML
  Rendering posts/index.html.erb within layouts/posts
  [1m[36mPost Load (0.2ms)[0m  [1m[34mSELECT "posts".* FROM "posts"[0m
  Rendered posts/index.html.erb within layouts/posts (4.3ms)
Completed 200 OK in 1731ms (Views: 1729.9ms | ActiveRecord: 0.2ms)


Started GET "/" for 127.0.0.1 at 2017-07-29 20:37:02 +0300
Processing by PostsController#index as HTML
  Rendering posts/index.html.erb within layouts/posts
  [1m[36mPost Load (0.2ms)[0m  [1m[34mSELECT "posts".* FROM "posts"[0m
  Rendered posts/index.html.erb within layouts/posts (2.5ms)
Completed 200 OK in 42ms (Views: 40.4ms | ActiveRecord: 0.2ms)


Started GET "/" for 127.0.0.1 at 2017-07-29 20:38:05 +0300
Processing by PostsController#index as HTML
  Rendering posts/index.html.erb within layouts/posts
  [1m[36mPost Load (0.2ms)[0m  [1m[34mSELECT "posts".* FROM "posts"[0m
  Rendered posts/index.html.erb within layouts/posts (5.5ms)
Completed 200 OK in 1652ms (Views: 1649.7ms | ActiveRecord: 0.2ms)


Started GET "/" for 127.0.0.1 at 2017-07-29 20:38:08 +0300
Processing by PostsController#index as HTML
  Rendering posts/index.html.erb within layouts/posts
  [1m[36mPost Load (0.2ms)[0m  [1m[34mSELECT "posts".* FROM "posts"[0m
  Rendered posts/index.html.erb within layouts/posts (1.5ms)
Completed 200 OK in 24ms (Views: 22.4ms | ActiveRecord: 0.2ms)


Started GET "/" for 127.0.0.1 at 2017-07-29 20:39:07 +0300
Processing by PostsController#index as HTML
  Rendering posts/index.html.erb within layouts/posts
  [1m[36mPost Load (0.3ms)[0m  [1m[34mSELECT "posts".* FROM "posts"[0m
  Rendered posts/index.html.erb within layouts/posts (1.6ms)
Completed 200 OK in 1738ms (Views: 1736.8ms | ActiveRecord: 0.3ms)


Started GET "/" for 127.0.0.1 at 2017-07-29 20:39:10 +0300
Processing by PostsController#index as HTML
  Rendering posts/index.html.erb within layouts/posts
  [1m[36mPost Load (0.2ms)[0m  [1m[34mSELECT "posts".* FROM "posts"[0m
  Rendered posts/index.html.erb within layouts/posts (2.0ms)
Completed 200 OK in 27ms (Views: 25.0ms | ActiveRecord: 0.2ms)


Started GET "/" for 127.0.0.1 at 2017-07-29 20:40:26 +0300
Processing by PostsController#index as HTML
  Rendering posts/index.html.erb within layouts/posts
  [1m[36mPost Load (0.2ms)[0m  [1m[34mSELECT "posts".* FROM "posts"[0m
  Rendered posts/index.html.erb within layouts/posts (1.5ms)
Completed 200 OK in 1554ms (Views: 1552.5ms | ActiveRecord: 0.2ms)


Started GET "/" for 127.0.0.1 at 2017-07-29 20:40:28 +0300
Processing by PostsController#index as HTML
  Rendering posts/index.html.erb within layouts/posts
  [1m[36mPost Load (0.3ms)[0m  [1m[34mSELECT "posts".* FROM "posts"[0m
  Rendered posts/index.html.erb within layouts/posts (2.0ms)
Completed 200 OK in 37ms (Views: 35.4ms | ActiveRecord: 0.3ms)


Started GET "/" for 127.0.0.1 at 2017-07-29 20:40:29 +0300
Processing by PostsController#index as HTML
  Rendering posts/index.html.erb within layouts/posts
  [1m[36mPost Load (0.3ms)[0m  [1m[34mSELECT "posts".* FROM "posts"[0m
  Rendered posts/index.html.erb within layouts/posts (2.5ms)
Completed 200 OK in 41ms (Views: 39.2ms | ActiveRecord: 0.3ms)


Started GET "/" for 127.0.0.1 at 2017-07-29 20:45:21 +0300
Processing by PostsController#index as HTML
  Rendering posts/index.html.erb within layouts/posts
  [1m[36mPost Load (0.5ms)[0m  [1m[34mSELECT "posts".* FROM "posts"[0m
  Rendered posts/index.html.erb within layouts/posts (5.4ms)
Completed 200 OK in 1641ms (Views: 1638.2ms | ActiveRecord: 0.5ms)


Started GET "/" for 127.0.0.1 at 2017-07-29 20:46:08 +0300
Processing by PostsController#index as HTML
  Rendering posts/index.html.erb within layouts/posts
  [1m[36mPost Load (0.2ms)[0m  [1m[34mSELECT "posts".* FROM "posts"[0m
  Rendered posts/index.html.erb within layouts/posts (1.4ms)
Completed 200 OK in 1583ms (Views: 1581.9ms | ActiveRecord: 0.2ms)


Started GET "/" for 127.0.0.1 at 2017-07-29 20:46:12 +0300
Processing by PostsController#index as HTML
  Rendering posts/index.html.erb within layouts/posts
  [1m[36mPost Load (0.7ms)[0m  [1m[34mSELECT "posts".* FROM "posts"[0m
  Rendered posts/index.html.erb within layouts/posts (2.0ms)
Completed 200 OK in 35ms (Views: 32.9ms | ActiveRecord: 0.7ms)


Started GET "/" for 127.0.0.1 at 2017-07-29 20:46:42 +0300
Processing by PostsController#index as HTML
  Rendering posts/index.html.erb within layouts/posts
  [1m[36mPost Load (0.3ms)[0m  [1m[34mSELECT "posts".* FROM "posts"[0m
  Rendered posts/index.html.erb within layouts/posts (2.3ms)
Completed 200 OK in 1643ms (Views: 1641.3ms | ActiveRecord: 0.3ms)


Started GET "/" for 127.0.0.1 at 2017-07-29 20:47:13 +0300
Processing by PostsController#index as HTML
  Rendering posts/index.html.erb within layouts/posts
  [1m[36mPost Load (0.3ms)[0m  [1m[34mSELECT "posts".* FROM "posts"[0m
  Rendered posts/index.html.erb within layouts/posts (1.7ms)
Completed 200 OK in 1603ms (Views: 1601.5ms | ActiveRecord: 0.3ms)


Started GET "/" for 127.0.0.1 at 2017-07-30 11:50:34 +0300
  [1m[35m (0.3ms)[0m  [1m[34mSELECT "schema_migrations"."version" FROM "schema_migrations" ORDER BY "schema_migrations"."version" ASC[0m
Processing by PostsController#index as HTML
  Rendering posts/index.html.erb within layouts/posts
  [1m[36mPost Load (0.3ms)[0m  [1m[34mSELECT "posts".* FROM "posts"[0m
  Rendered posts/index.html.erb within layouts/posts (12.3ms)
Completed 200 OK in 638ms (Views: 558.3ms | ActiveRecord: 1.2ms)


Started GET "/" for 127.0.0.1 at 2017-07-30 11:51:59 +0300
Processing by PostsController#index as HTML
  Rendering posts/index.html.erb within layouts/posts
  [1m[36mPost Load (0.2ms)[0m  [1m[34mSELECT "posts".* FROM "posts"[0m
  Rendered posts/index.html.erb within layouts/posts (3.8ms)
Completed 200 OK in 44ms (Views: 42.5ms | ActiveRecord: 0.2ms)


Started GET "/" for 127.0.0.1 at 2017-07-30 11:52:01 +0300
Processing by PostsController#index as HTML
  Rendering posts/index.html.erb within layouts/posts
  [1m[36mPost Load (0.2ms)[0m  [1m[34mSELECT "posts".* FROM "posts"[0m
  Rendered posts/index.html.erb within layouts/posts (4.1ms)
Completed 200 OK in 75ms (Views: 72.7ms | ActiveRecord: 0.2ms)


Started GET "/" for 127.0.0.1 at 2017-07-30 11:55:23 +0300
Processing by PostsController#index as HTML
  Rendering posts/index.html.erb within layouts/posts
  [1m[36mPost Load (0.2ms)[0m  [1m[34mSELECT "posts".* FROM "posts"[0m
  Rendered posts/index.html.erb within layouts/posts (1.3ms)
Completed 200 OK in 2245ms (Views: 2243.9ms | ActiveRecord: 0.2ms)


Started GET "/" for 127.0.0.1 at 2017-07-30 11:56:09 +0300
Processing by PostsController#index as HTML
  Rendering posts/index.html.erb within layouts/posts
  [1m[36mPost Load (0.2ms)[0m  [1m[34mSELECT "posts".* FROM "posts"[0m
  Rendered posts/index.html.erb within layouts/posts (1.4ms)
Completed 200 OK in 28ms (Views: 27.1ms | ActiveRecord: 0.2ms)


Started GET "/" for 127.0.0.1 at 2017-07-30 11:59:44 +0300
Processing by PostsController#index as HTML
  Rendering posts/index.html.erb within layouts/posts
  [1m[36mPost Load (0.5ms)[0m  [1m[34mSELECT "posts".* FROM "posts"[0m
  Rendered posts/index.html.erb within layouts/posts (2.2ms)
Completed 200 OK in 26ms (Views: 24.8ms | ActiveRecord: 0.5ms)


Started GET "/" for 127.0.0.1 at 2017-07-30 11:59:45 +0300
Processing by PostsController#index as HTML
  Rendering posts/index.html.erb within layouts/posts
  [1m[36mPost Load (0.3ms)[0m  [1m[34mSELECT "posts".* FROM "posts"[0m
  Rendered posts/index.html.erb within layouts/posts (1.5ms)
Completed 200 OK in 33ms (Views: 31.8ms | ActiveRecord: 0.3ms)


Started GET "/" for 127.0.0.1 at 2017-07-30 12:00:48 +0300
Processing by PostsController#index as HTML
  Rendering posts/index.html.erb within layouts/posts
  [1m[36mPost Load (0.3ms)[0m  [1m[34mSELECT "posts".* FROM "posts"[0m
  Rendered posts/index.html.erb within layouts/posts (1.7ms)
Completed 200 OK in 30ms (Views: 27.5ms | ActiveRecord: 0.3ms)


Started GET "/" for 127.0.0.1 at 2017-07-30 12:00:49 +0300
Processing by PostsController#index as HTML
  Rendering posts/index.html.erb within layouts/posts
  [1m[36mPost Load (0.3ms)[0m  [1m[34mSELECT "posts".* FROM "posts"[0m
  Rendered posts/index.html.erb within layouts/posts (1.7ms)
Completed 200 OK in 28ms (Views: 26.2ms | ActiveRecord: 0.3ms)


Started GET "/" for 127.0.0.1 at 2017-07-30 12:02:28 +0300
Processing by PostsController#index as HTML
  Rendering posts/index.html.erb within layouts/posts
  [1m[36mPost Load (0.3ms)[0m  [1m[34mSELECT "posts".* FROM "posts"[0m
  Rendered posts/index.html.erb within layouts/posts (2.0ms)
Completed 200 OK in 30ms (Views: 28.1ms | ActiveRecord: 0.3ms)


Started GET "/" for 127.0.0.1 at 2017-07-30 12:02:29 +0300
Processing by PostsController#index as HTML
  Rendering posts/index.html.erb within layouts/posts
  [1m[36mPost Load (0.2ms)[0m  [1m[34mSELECT "posts".* FROM "posts"[0m
  Rendered posts/index.html.erb within layouts/posts (1.4ms)
Completed 200 OK in 28ms (Views: 26.2ms | ActiveRecord: 0.2ms)


Started GET "/" for 127.0.0.1 at 2017-07-30 12:02:30 +0300
Processing by PostsController#index as HTML
  Rendering posts/index.html.erb within layouts/posts
  [1m[36mPost Load (0.3ms)[0m  [1m[34mSELECT "posts".* FROM "posts"[0m
  Rendered posts/index.html.erb within layouts/posts (1.6ms)
Completed 200 OK in 28ms (Views: 26.4ms | ActiveRecord: 0.3ms)


Started GET "/" for 127.0.0.1 at 2017-07-30 12:02:42 +0300
Processing by PostsController#index as HTML
  Rendering posts/index.html.erb within layouts/posts
  [1m[36mPost Load (0.2ms)[0m  [1m[34mSELECT "posts".* FROM "posts"[0m
  Rendered posts/index.html.erb within layouts/posts (1.3ms)
Completed 200 OK in 24ms (Views: 22.6ms | ActiveRecord: 0.2ms)


Started GET "/" for 127.0.0.1 at 2017-07-30 12:03:31 +0300
Processing by PostsController#index as HTML
  Rendering posts/index.html.erb within layouts/posts
  [1m[36mPost Load (0.2ms)[0m  [1m[34mSELECT "posts".* FROM "posts"[0m
  Rendered posts/index.html.erb within layouts/posts (1.4ms)
Completed 200 OK in 25ms (Views: 24.1ms | ActiveRecord: 0.2ms)


Started GET "/" for 127.0.0.1 at 2017-07-30 12:22:16 +0300
Processing by PostsController#index as HTML
  Rendering posts/index.html.erb within layouts/posts
  [1m[36mPost Load (0.2ms)[0m  [1m[34mSELECT "posts".* FROM "posts"[0m
  Rendered posts/index.html.erb within layouts/posts (1.5ms)
Completed 200 OK in 34ms (Views: 33.1ms | ActiveRecord: 0.2ms)


Started GET "/" for 127.0.0.1 at 2017-07-30 12:31:16 +0300
Processing by PostsController#index as HTML
  Rendering posts/index.html.erb within layouts/posts
  [1m[36mPost Load (0.3ms)[0m  [1m[34mSELECT "posts".* FROM "posts"[0m
  Rendered posts/index.html.erb within layouts/posts (1.8ms)
Completed 500 Internal Server Error in 6ms (ActiveRecord: 0.3ms)


  
SyntaxError (/home/roman/RubymineProjects/News-blog/app/views/layouts/posts.html.erb:22: syntax error, unexpected '='
(link_to "POSTeR", '#', class="navbar-brand"  );@output_buff
                              ^):
  
app/views/layouts/posts.html.erb:22: syntax error, unexpected '='
Started GET "/" for 127.0.0.1 at 2017-07-30 12:31:58 +0300
Processing by PostsController#index as HTML
  Rendering posts/index.html.erb within layouts/posts
  [1m[36mPost Load (0.2ms)[0m  [1m[34mSELECT "posts".* FROM "posts"[0m
  Rendered posts/index.html.erb within layouts/posts (1.4ms)
Completed 500 Internal Server Error in 2059ms (ActiveRecord: 0.2ms)


  
ActionView::Template::Error (undefined local variable or method `navbar' for #<#<Class:0x007f856c9b1bf0>:0x007f856e7d8980>):
    19:           <span class="icon-bar"></span>
    20:           <span class="icon-bar"></span>
    21:         </button>
    22:         <%=link_to "POSTeR", '#', class: navbar-brand  %>
    23:        <!-- <a class="navbar-brand" href="#">Project name</a>-->
    24:       </div>
    25: </header>
  
app/views/layouts/posts.html.erb:22:in `_app_views_layouts_posts_html_erb__3250413252219739173_70105611260320'
Started GET "/" for 127.0.0.1 at 2017-07-30 16:49:29 +0300
  [1m[35m (0.2ms)[0m  [1m[34mSELECT "schema_migrations"."version" FROM "schema_migrations" ORDER BY "schema_migrations"."version" ASC[0m
Processing by PostsController#index as HTML
  Rendering posts/index.html.erb within layouts/posts
  [1m[36mPost Load (0.2ms)[0m  [1m[34mSELECT "posts".* FROM "posts"[0m
  Rendered posts/index.html.erb within layouts/posts (11.0ms)
Completed 200 OK in 721ms (Views: 645.5ms | ActiveRecord: 1.0ms)


Started GET "/" for 127.0.0.1 at 2017-07-30 16:50:22 +0300
Processing by PostsController#index as HTML
  Rendering posts/index.html.erb within layouts/posts
  [1m[36mPost Load (0.3ms)[0m  [1m[34mSELECT "posts".* FROM "posts"[0m
  Rendered posts/index.html.erb within layouts/posts (2.4ms)
Completed 200 OK in 31ms (Views: 29.0ms | ActiveRecord: 0.3ms)


Started GET "/" for 127.0.0.1 at 2017-07-30 16:50:24 +0300
Processing by PostsController#index as HTML
  Rendering posts/index.html.erb within layouts/posts
  [1m[36mPost Load (0.2ms)[0m  [1m[34mSELECT "posts".* FROM "posts"[0m
  Rendered posts/index.html.erb within layouts/posts (1.5ms)
Completed 200 OK in 48ms (Views: 46.8ms | ActiveRecord: 0.2ms)


Started GET "/" for 127.0.0.1 at 2017-07-30 17:00:28 +0300
Processing by PostsController#index as HTML
  Rendering posts/index.html.erb within layouts/posts
  [1m[36mPost Load (0.6ms)[0m  [1m[34mSELECT "posts".* FROM "posts"[0m
  Rendered posts/index.html.erb within layouts/posts (2.4ms)
Completed 500 Internal Server Error in 8ms (ActiveRecord: 0.6ms)


  
SyntaxError (/home/roman/RubymineProjects/News-blog/app/views/layouts/posts.html.erb:27: syntax error, unexpected keyword_class, expecting ')'
=(link_to "SING UP", '#' class: 'btn-' );@output_buffer.safe
                              ^):
  
app/views/layouts/posts.html.erb:27: syntax error, unexpected keyword_class, expecting ')'
Started GET "/" for 127.0.0.1 at 2017-07-30 17:02:52 +0300
Processing by PostsController#index as HTML
  Rendering posts/index.html.erb within layouts/posts
  [1m[36mPost Load (0.3ms)[0m  [1m[34mSELECT "posts".* FROM "posts"[0m
  Rendered posts/index.html.erb within layouts/posts (1.5ms)
Completed 200 OK in 31ms (Views: 29.1ms | ActiveRecord: 0.3ms)


Started GET "/" for 127.0.0.1 at 2017-07-30 17:03:01 +0300
Processing by PostsController#index as HTML
  Rendering posts/index.html.erb within layouts/posts
  [1m[36mPost Load (0.2ms)[0m  [1m[34mSELECT "posts".* FROM "posts"[0m
  Rendered posts/index.html.erb within layouts/posts (1.4ms)
Completed 200 OK in 27ms (Views: 26.0ms | ActiveRecord: 0.2ms)


Started GET "/" for 127.0.0.1 at 2017-07-30 17:06:04 +0300
Processing by PostsController#index as HTML
  Rendering posts/index.html.erb within layouts/posts
  [1m[36mPost Load (0.2ms)[0m  [1m[34mSELECT "posts".* FROM "posts"[0m
  Rendered posts/index.html.erb within layouts/posts (1.4ms)
Completed 200 OK in 31ms (Views: 29.9ms | ActiveRecord: 0.2ms)


Started GET "/" for 127.0.0.1 at 2017-07-30 17:07:49 +0300
Processing by PostsController#index as HTML
  Rendering posts/index.html.erb within layouts/posts
  [1m[36mPost Load (0.2ms)[0m  [1m[34mSELECT "posts".* FROM "posts"[0m
  Rendered posts/index.html.erb within layouts/posts (1.6ms)
Completed 200 OK in 38ms (Views: 36.7ms | ActiveRecord: 0.2ms)


Started GET "/" for 127.0.0.1 at 2017-07-30 17:08:09 +0300
Processing by PostsController#index as HTML
  Rendering posts/index.html.erb within layouts/posts
  [1m[36mPost Load (0.2ms)[0m  [1m[34mSELECT "posts".* FROM "posts"[0m
  Rendered posts/index.html.erb within layouts/posts (1.5ms)
Completed 200 OK in 47ms (Views: 46.0ms | ActiveRecord: 0.2ms)


Started GET "/" for 127.0.0.1 at 2017-07-30 17:08:32 +0300
Processing by PostsController#index as HTML
  Rendering posts/index.html.erb within layouts/posts
  [1m[36mPost Load (0.3ms)[0m  [1m[34mSELECT "posts".* FROM "posts"[0m
  Rendered posts/index.html.erb within layouts/posts (1.6ms)
Completed 200 OK in 29ms (Views: 27.8ms | ActiveRecord: 0.3ms)


Started GET "/" for 127.0.0.1 at 2017-07-30 17:14:37 +0300
Processing by PostsController#index as HTML
  Rendering posts/index.html.erb within layouts/posts
  [1m[36mPost Load (0.2ms)[0m  [1m[34mSELECT "posts".* FROM "posts"[0m
  Rendered posts/index.html.erb within layouts/posts (1.4ms)
Completed 200 OK in 26ms (Views: 24.6ms | ActiveRecord: 0.2ms)


Started GET "/" for 127.0.0.1 at 2017-07-30 17:15:00 +0300
Processing by PostsController#index as HTML
  Rendering posts/index.html.erb within layouts/posts
  [1m[36mPost Load (0.2ms)[0m  [1m[34mSELECT "posts".* FROM "posts"[0m
  Rendered posts/index.html.erb within layouts/posts (1.4ms)
Completed 200 OK in 25ms (Views: 23.7ms | ActiveRecord: 0.2ms)


Started GET "/" for 127.0.0.1 at 2017-07-30 17:15:01 +0300
Processing by PostsController#index as HTML
  Rendering posts/index.html.erb within layouts/posts
  [1m[36mPost Load (0.2ms)[0m  [1m[34mSELECT "posts".* FROM "posts"[0m
  Rendered posts/index.html.erb within layouts/posts (1.6ms)
Completed 200 OK in 29ms (Views: 27.2ms | ActiveRecord: 0.2ms)


Started GET "/" for 127.0.0.1 at 2017-07-30 17:15:02 +0300
Processing by PostsController#index as HTML
  Rendering posts/index.html.erb within layouts/posts
  [1m[36mPost Load (0.3ms)[0m  [1m[34mSELECT "posts".* FROM "posts"[0m
  Rendered posts/index.html.erb within layouts/posts (1.9ms)
Completed 200 OK in 32ms (Views: 30.8ms | ActiveRecord: 0.3ms)


Started GET "/" for 127.0.0.1 at 2017-07-30 17:15:02 +0300
Processing by PostsController#index as HTML
  Rendering posts/index.html.erb within layouts/posts
  [1m[36mPost Load (3.0ms)[0m  [1m[34mSELECT "posts".* FROM "posts"[0m
  Rendered posts/index.html.erb within layouts/posts (5.3ms)
Completed 200 OK in 34ms (Views: 28.8ms | ActiveRecord: 3.0ms)


Started GET "/" for 127.0.0.1 at 2017-07-30 17:15:02 +0300
Processing by PostsController#index as HTML
  Rendering posts/index.html.erb within layouts/posts
  [1m[36mPost Load (0.2ms)[0m  [1m[34mSELECT "posts".* FROM "posts"[0m
  Rendered posts/index.html.erb within layouts/posts (1.5ms)
Completed 200 OK in 35ms (Views: 33.3ms | ActiveRecord: 0.2ms)


Started GET "/" for 127.0.0.1 at 2017-07-30 17:15:03 +0300
Processing by PostsController#index as HTML
  Rendering posts/index.html.erb within layouts/posts
  [1m[36mPost Load (0.2ms)[0m  [1m[34mSELECT "posts".* FROM "posts"[0m
  Rendered posts/index.html.erb within layouts/posts (1.5ms)
Completed 200 OK in 28ms (Views: 26.4ms | ActiveRecord: 0.2ms)


Started GET "/" for 127.0.0.1 at 2017-07-30 17:15:03 +0300
Processing by PostsController#index as HTML
  Rendering posts/index.html.erb within layouts/posts
  [1m[36mPost Load (0.3ms)[0m  [1m[34mSELECT "posts".* FROM "posts"[0m
  Rendered posts/index.html.erb within layouts/posts (1.7ms)
Completed 200 OK in 30ms (Views: 28.0ms | ActiveRecord: 0.3ms)


Started GET "/" for 127.0.0.1 at 2017-07-30 17:15:03 +0300
Processing by PostsController#index as HTML
  Rendering posts/index.html.erb within layouts/posts
  [1m[36mPost Load (0.2ms)[0m  [1m[34mSELECT "posts".* FROM "posts"[0m
  Rendered posts/index.html.erb within layouts/posts (3.3ms)
Completed 200 OK in 36ms (Views: 34.6ms | ActiveRecord: 0.2ms)


Started GET "/" for 127.0.0.1 at 2017-07-30 17:15:04 +0300
Processing by PostsController#index as HTML
  Rendering posts/index.html.erb within layouts/posts
  [1m[36mPost Load (0.3ms)[0m  [1m[34mSELECT "posts".* FROM "posts"[0m
  Rendered posts/index.html.erb within layouts/posts (2.9ms)
Completed 200 OK in 28ms (Views: 26.1ms | ActiveRecord: 0.3ms)


Started GET "/" for 127.0.0.1 at 2017-07-30 17:16:19 +0300
Processing by PostsController#index as HTML
  Rendering posts/index.html.erb within layouts/posts
  [1m[36mPost Load (0.3ms)[0m  [1m[34mSELECT "posts".* FROM "posts"[0m
  Rendered posts/index.html.erb within layouts/posts (2.4ms)
Completed 200 OK in 33ms (Views: 31.4ms | ActiveRecord: 0.3ms)


